D:\CODENEW\_CSH\ReadImage\ReadImage\Release\cl.command.1.tlog
D:\CODENEW\_CSH\ReadImage\ReadImage\Release\CL.read.1.tlog
D:\CODENEW\_CSH\ReadImage\ReadImage\Release\CL.write.1.tlog
D:\CODENEW\_CSH\ReadImage\ReadImage\Release\link.command.1.tlog
D:\CODENEW\_CSH\ReadImage\ReadImage\Release\link.read.1.tlog
D:\CODENEW\_CSH\ReadImage\ReadImage\Release\link.write.1.tlog
D:\CODENEW\_CSH\ReadImage\ReadImage\Release\link-cvtres.read.1.tlog
D:\CODENEW\_CSH\ReadImage\ReadImage\Release\link-cvtres.write.1.tlog
D:\CODENEW\_CSH\ReadImage\ReadImage\Release\mt.command.1.tlog
D:\CODENEW\_CSH\ReadImage\ReadImage\Release\mt.read.1.tlog
D:\CODENEW\_CSH\ReadImage\ReadImage\Release\mt.write.1.tlog
D:\CODENEW\_CSH\ReadImage\ReadImage\Release\rc.command.1.tlog
D:\CODENEW\_CSH\ReadImage\ReadImage\Release\rc.read.1.tlog
D:\CODENEW\_CSH\ReadImage\ReadImage\Release\rc.write.1.tlog
D:\CODENEW\_CSH\READIMAGE\READIMAGE\RELEASE\READIMAGE.EXE.INTERMEDIATE.MANIFEST
D:\CODENEW\_CSH\READIMAGE\READIMAGE\RELEASE\READIMAGE.OBJ
D:\CODENEW\_CSH\READIMAGE\READIMAGE\RELEASE\READIMAGE.PCH
D:\CODENEW\_CSH\READIMAGE\READIMAGE\RELEASE\READIMAGE.RES
D:\CODENEW\_CSH\READIMAGE\READIMAGE\RELEASE\READIMAGEDLG.OBJ
D:\CODENEW\_CSH\READIMAGE\READIMAGE\RELEASE\STDAFX.OBJ
D:\CODENEW\_CSH\READIMAGE\READIMAGE\RELEASE\VC100.PDB
D:\CODENEW\_CSH\READIMAGE\RELEASE\READIMAGE.EXE
